2016/10/02 23:59:26 INFO  - jmeter.util.JMeterUtils: Setting Locale to en_US 
2016/10/02 23:59:26 INFO  - jmeter.JMeter: Loading user properties from: /Users/erikostermueller/Documents/src/jdist/JMeter/apache-jmeter-2.13/bin/user.properties 
2016/10/02 23:59:26 INFO  - jmeter.JMeter: Loading system properties from: /Users/erikostermueller/Documents/src/jdist/JMeter/apache-jmeter-2.13/bin/system.properties 
2016/10/02 23:59:26 INFO  - jmeter.JMeter: Copyright (c) 1998-2015 The Apache Software Foundation 
2016/10/02 23:59:26 INFO  - jmeter.JMeter: Version 2.13 r1665067 
2016/10/02 23:59:26 INFO  - jmeter.JMeter: java.version=1.8.0_92 
2016/10/02 23:59:26 INFO  - jmeter.JMeter: java.vm.name=Java HotSpot(TM) 64-Bit Server VM 
2016/10/02 23:59:26 INFO  - jmeter.JMeter: os.name=Mac OS X 
2016/10/02 23:59:26 INFO  - jmeter.JMeter: os.arch=x86_64 
2016/10/02 23:59:26 INFO  - jmeter.JMeter: os.version=10.10.5 
2016/10/02 23:59:26 INFO  - jmeter.JMeter: file.encoding=UTF-8 
2016/10/02 23:59:26 INFO  - jmeter.JMeter: Default Locale=English (United States) 
2016/10/02 23:59:26 INFO  - jmeter.JMeter: JMeter  Locale=English (United States) 
2016/10/02 23:59:26 INFO  - jmeter.JMeter: JMeterHome=/Users/erikostermueller/Documents/src/jdist/JMeter/apache-jmeter-2.13 
2016/10/02 23:59:26 INFO  - jmeter.JMeter: user.dir  =/Users/erikostermueller/Documents/src/jsource/performanceGolf/pg3/performanceGolf/08_eighthHole 
2016/10/02 23:59:26 INFO  - jmeter.JMeter: PWD       =/Users/erikostermueller/Documents/src/jsource/performanceGolf/pg3/performanceGolf/08_eighthHole 
2016/10/02 23:59:26 INFO  - jmeter.JMeter: IP: 192.168.1.66 Name: Eriks-MBP.attlocal.net FullName: eriks-mbp.attlocal.net 
2016/10/02 23:59:26 INFO  - jmeter.services.FileServer: Default base='/Users/erikostermueller/Documents/src/jsource/performanceGolf/pg3/performanceGolf/08_eighthHole' 
2016/10/02 23:59:26 INFO  - jmeter.services.FileServer: Set new base='/Users/erikostermueller/Documents/src/jsource/performanceGolf/pg3/performanceGolf/08_eighthHole/.' 
2016/10/02 23:59:26 INFO  - jmeter.save.SaveService: Testplan (JMX) version: 2.2. Testlog (JTL) version: 2.2 
2016/10/02 23:59:26 INFO  - jmeter.save.SaveService: Using SaveService properties file encoding UTF-8 
2016/10/02 23:59:26 INFO  - jmeter.save.SaveService: Using SaveService properties file version 1656252 
2016/10/02 23:59:26 INFO  - jmeter.save.SaveService: Using SaveService properties version 2.8 
2016/10/02 23:59:26 INFO  - jmeter.save.SaveService: All converter versions present and correct 
2016/10/02 23:59:26 INFO  - jmeter.save.SaveService: Loading file: ./x-shutdown-08b.jmx 
2016/10/02 23:59:26 INFO  - jmeter.protocol.http.sampler.HTTPSamplerBase: Cannot find .className property for htmlParser, using default 
2016/10/02 23:59:26 INFO  - jmeter.protocol.http.sampler.HTTPSamplerBase: Parser for text/html is  
2016/10/02 23:59:26 INFO  - jmeter.protocol.http.sampler.HTTPSamplerBase: Parser for application/xhtml+xml is  
2016/10/02 23:59:26 INFO  - jmeter.protocol.http.sampler.HTTPSamplerBase: Parser for application/xml is  
2016/10/02 23:59:26 INFO  - jmeter.protocol.http.sampler.HTTPSamplerBase: Parser for text/xml is  
2016/10/02 23:59:26 INFO  - jmeter.protocol.http.sampler.HTTPSamplerBase: Parser for text/vnd.wap.wml is org.apache.jmeter.protocol.http.parser.RegexpHTMLParser 
2016/10/02 23:59:26 INFO  - jmeter.JMeter: Creating summariser <summary> 
2016/10/02 23:59:26 INFO  - jmeter.engine.StandardJMeterEngine: Listeners will be started after enabling running version 
2016/10/02 23:59:26 INFO  - jmeter.engine.StandardJMeterEngine: To revert to the earlier behaviour, define jmeterengine.startlistenerslater=false 
2016/10/02 23:59:26 INFO  - jmeter.engine.StandardJMeterEngine: Running the test! 
2016/10/02 23:59:26 INFO  - jmeter.samplers.SampleEvent: List of sample_variables: [] 
2016/10/02 23:59:26 INFO  - jmeter.samplers.SampleEvent: List of sample_variables: [] 
2016/10/02 23:59:26 INFO  - jmeter.engine.util.CompoundVariable: Note: Function class names must contain the string: '.functions.' 
2016/10/02 23:59:26 INFO  - jmeter.engine.util.CompoundVariable: Note: Function class names must not contain the string: '.gui.' 
2016/10/02 23:59:26 INFO  - jmeter.JMeter: Running test (1475470766733) 
2016/10/02 23:59:26 INFO  - jmeter.engine.StandardJMeterEngine: No enabled thread groups found 
2016/10/02 23:59:26 INFO  - jmeter.engine.StandardJMeterEngine: Starting tearDown thread groups 
2016/10/02 23:59:26 INFO  - jmeter.engine.StandardJMeterEngine: Starting tearDown ThreadGroup: 1 : tearDown Thread Group 
2016/10/02 23:59:26 INFO  - jmeter.engine.StandardJMeterEngine: Starting 1 threads for group tearDown Thread Group. 
2016/10/02 23:59:26 INFO  - jmeter.engine.StandardJMeterEngine: Thread will continue on error 
2016/10/02 23:59:26 INFO  - jmeter.threads.ThreadGroup: Starting thread group number 1 threads 1 ramp-up 1 perThread 1000.0 delayedStart=false 
2016/10/02 23:59:26 INFO  - jmeter.threads.JMeterThread: jmeterthread.startearlier=true (see jmeter.properties) 
2016/10/02 23:59:26 INFO  - jmeter.threads.JMeterThread: Running PostProcessors in forward order 
2016/10/02 23:59:26 INFO  - jmeter.threads.ThreadGroup: Started thread group number 1 
2016/10/02 23:59:26 INFO  - jmeter.threads.JMeterThread: Thread started: tearDown Thread Group 1-1 
2016/10/02 23:59:26 INFO  - jmeter.protocol.http.sampler.HTTPHCAbstractImpl: Local host = Eriks-MBP.attlocal.net 
2016/10/02 23:59:26 INFO  - jmeter.protocol.http.sampler.HTTPHC4Impl: HTTP request retry count = 0 
2016/10/02 23:59:26 INFO  - jmeter.protocol.http.sampler.HTTPHC4Impl: Setting up HTTPS TrustAll scheme 
2016/10/02 23:59:26 INFO  - jmeter.util.JsseSSLManager: Using default SSL protocol: TLS 
2016/10/02 23:59:26 INFO  - jmeter.util.JsseSSLManager: SSL session context: per-thread 
2016/10/02 23:59:26 INFO  - jmeter.samplers.SampleResult: Note: Sample TimeStamps are START times 
2016/10/02 23:59:26 INFO  - jmeter.samplers.SampleResult: sampleresult.default.encoding is set to ISO-8859-1 
2016/10/02 23:59:26 INFO  - jmeter.samplers.SampleResult: sampleresult.useNanoTime=true 
2016/10/02 23:59:26 INFO  - jmeter.samplers.SampleResult: sampleresult.nanoThreadSleep=5000 
2016/10/02 23:59:27 INFO  - jmeter.util.SSLManager: JmeterKeyStore Location:  type JKS 
2016/10/02 23:59:27 INFO  - jmeter.util.SSLManager: KeyStore created OK 
2016/10/02 23:59:27 WARN  - jmeter.util.SSLManager: Keystore file not found, loading empty keystore 
2016/10/02 23:59:27 INFO  - jmeter.threads.JMeterThread: Thread is done: tearDown Thread Group 1-1 
2016/10/02 23:59:27 INFO  - jmeter.threads.JMeterThread: Thread finished: tearDown Thread Group 1-1 
2016/10/02 23:59:27 INFO  - jmeter.engine.StandardJMeterEngine: Notifying test listeners of end of test 
2016/10/02 23:59:27 INFO  - jmeter.reporters.Summariser: summary =      2 in     1s =    3.3/s Avg:   163 Min:    56 Max:   270 Err:     0 (0.00%) 
