2016/08/14 13:38:22 INFO  - jmeter.util.JMeterUtils: Setting Locale to en_US 
2016/08/14 13:38:22 INFO  - jmeter.JMeter: Loading user properties from: /Users/erikostermueller/Documents/src/jdist/JMeter/apache-jmeter-2.13/bin/user.properties 
2016/08/14 13:38:22 INFO  - jmeter.JMeter: Loading system properties from: /Users/erikostermueller/Documents/src/jdist/JMeter/apache-jmeter-2.13/bin/system.properties 
2016/08/14 13:38:22 INFO  - jmeter.JMeter: Copyright (c) 1998-2015 The Apache Software Foundation 
2016/08/14 13:38:22 INFO  - jmeter.JMeter: Version 2.13 r1665067 
2016/08/14 13:38:22 INFO  - jmeter.JMeter: java.version=1.8.0_92 
2016/08/14 13:38:22 INFO  - jmeter.JMeter: java.vm.name=Java HotSpot(TM) 64-Bit Server VM 
2016/08/14 13:38:22 INFO  - jmeter.JMeter: os.name=Mac OS X 
2016/08/14 13:38:22 INFO  - jmeter.JMeter: os.arch=x86_64 
2016/08/14 13:38:22 INFO  - jmeter.JMeter: os.version=10.10.3 
2016/08/14 13:38:22 INFO  - jmeter.JMeter: file.encoding=UTF-8 
2016/08/14 13:38:22 INFO  - jmeter.JMeter: Default Locale=English (United States) 
2016/08/14 13:38:22 INFO  - jmeter.JMeter: JMeter  Locale=English (United States) 
2016/08/14 13:38:22 INFO  - jmeter.JMeter: JMeterHome=/Users/erikostermueller/Documents/src/jdist/JMeter/apache-jmeter-2.13 
2016/08/14 13:38:22 INFO  - jmeter.JMeter: user.dir  =/Users/erikostermueller/Documents/src/jsource/performanceGolf/pg3/performanceGolf/09_ninthHole 
2016/08/14 13:38:22 INFO  - jmeter.JMeter: PWD       =/Users/erikostermueller/Documents/src/jsource/performanceGolf/pg3/performanceGolf/09_ninthHole 
2016/08/14 13:38:22 INFO  - jmeter.JMeter: IP: 192.168.1.210 Name: Eriks-MBP.attlocal.net FullName: eriks-mbp.attlocal.net 
2016/08/14 13:38:22 INFO  - jmeter.services.FileServer: Default base='/Users/erikostermueller/Documents/src/jsource/performanceGolf/pg3/performanceGolf/09_ninthHole' 
2016/08/14 13:38:22 INFO  - jmeter.services.FileServer: Set new base='/Users/erikostermueller/Documents/src/jsource/performanceGolf/pg3/performanceGolf/09_ninthHole/.' 
2016/08/14 13:38:22 INFO  - jmeter.save.SaveService: Testplan (JMX) version: 2.2. Testlog (JTL) version: 2.2 
2016/08/14 13:38:22 INFO  - jmeter.save.SaveService: Using SaveService properties file encoding UTF-8 
2016/08/14 13:38:22 INFO  - jmeter.save.SaveService: Using SaveService properties file version 1656252 
2016/08/14 13:38:22 INFO  - jmeter.save.SaveService: Using SaveService properties version 2.8 
2016/08/14 13:38:22 INFO  - jmeter.save.SaveService: All converter versions present and correct 
2016/08/14 13:38:22 INFO  - jmeter.save.SaveService: Loading file: ./x09a.jmx 
2016/08/14 13:38:22 INFO  - jmeter.protocol.http.sampler.HTTPSamplerBase: Cannot find .className property for htmlParser, using default 
2016/08/14 13:38:22 INFO  - jmeter.protocol.http.sampler.HTTPSamplerBase: Parser for text/html is  
2016/08/14 13:38:22 INFO  - jmeter.protocol.http.sampler.HTTPSamplerBase: Parser for application/xhtml+xml is  
2016/08/14 13:38:22 INFO  - jmeter.protocol.http.sampler.HTTPSamplerBase: Parser for application/xml is  
2016/08/14 13:38:22 INFO  - jmeter.protocol.http.sampler.HTTPSamplerBase: Parser for text/xml is  
2016/08/14 13:38:22 INFO  - jmeter.protocol.http.sampler.HTTPSamplerBase: Parser for text/vnd.wap.wml is org.apache.jmeter.protocol.http.parser.RegexpHTMLParser 
2016/08/14 13:38:22 INFO  - jmeter.JMeter: Creating summariser <summary> 
2016/08/14 13:38:22 INFO  - jmeter.engine.StandardJMeterEngine: Listeners will be started after enabling running version 
2016/08/14 13:38:22 INFO  - jmeter.engine.StandardJMeterEngine: To revert to the earlier behaviour, define jmeterengine.startlistenerslater=false 
2016/08/14 13:38:22 INFO  - jmeter.engine.StandardJMeterEngine: Running the test! 
2016/08/14 13:38:22 INFO  - jmeter.samplers.SampleEvent: List of sample_variables: [] 
2016/08/14 13:38:22 INFO  - jmeter.samplers.SampleEvent: List of sample_variables: [] 
2016/08/14 13:38:22 INFO  - jmeter.engine.util.CompoundVariable: Note: Function class names must contain the string: '.functions.' 
2016/08/14 13:38:22 INFO  - jmeter.engine.util.CompoundVariable: Note: Function class names must not contain the string: '.gui.' 
2016/08/14 13:38:22 INFO  - jmeter.JMeter: Running test (1471199902910) 
2016/08/14 13:38:22 INFO  - jmeter.engine.StandardJMeterEngine: Starting setUp thread groups 
2016/08/14 13:38:22 INFO  - jmeter.engine.StandardJMeterEngine: Starting setUp ThreadGroup: 1 : setUp Thread Group 
2016/08/14 13:38:22 INFO  - jmeter.engine.StandardJMeterEngine: Starting 1 threads for group setUp Thread Group. 
2016/08/14 13:38:22 INFO  - jmeter.engine.StandardJMeterEngine: Thread will continue on error 
2016/08/14 13:38:22 INFO  - jmeter.threads.ThreadGroup: Starting thread group number 1 threads 1 ramp-up 1 perThread 1000.0 delayedStart=false 
2016/08/14 13:38:22 INFO  - jmeter.threads.JMeterThread: jmeterthread.startearlier=true (see jmeter.properties) 
2016/08/14 13:38:22 INFO  - jmeter.threads.JMeterThread: Running PostProcessors in forward order 
2016/08/14 13:38:22 INFO  - jmeter.threads.ThreadGroup: Started thread group number 1 
2016/08/14 13:38:22 INFO  - jmeter.engine.StandardJMeterEngine: Waiting for all setup thread groups to exit 
2016/08/14 13:38:22 INFO  - jmeter.threads.JMeterThread: Thread started: setUp Thread Group 1-1 
2016/08/14 13:38:22 INFO  - jmeter.protocol.http.sampler.HTTPHCAbstractImpl: Local host = Eriks-MBP.attlocal.net 
2016/08/14 13:38:22 INFO  - jmeter.protocol.http.sampler.HTTPHC4Impl: HTTP request retry count = 0 
2016/08/14 13:38:22 INFO  - jmeter.protocol.http.sampler.HTTPHC4Impl: Setting up HTTPS TrustAll scheme 
2016/08/14 13:38:22 INFO  - jmeter.util.JsseSSLManager: Using default SSL protocol: TLS 
2016/08/14 13:38:22 INFO  - jmeter.util.JsseSSLManager: SSL session context: per-thread 
2016/08/14 13:38:23 INFO  - jmeter.samplers.SampleResult: Note: Sample TimeStamps are START times 
2016/08/14 13:38:23 INFO  - jmeter.samplers.SampleResult: sampleresult.default.encoding is set to ISO-8859-1 
2016/08/14 13:38:23 INFO  - jmeter.samplers.SampleResult: sampleresult.useNanoTime=true 
2016/08/14 13:38:23 INFO  - jmeter.samplers.SampleResult: sampleresult.nanoThreadSleep=5000 
2016/08/14 13:38:23 INFO  - jmeter.util.SSLManager: JmeterKeyStore Location:  type JKS 
2016/08/14 13:38:23 INFO  - jmeter.util.SSLManager: KeyStore created OK 
2016/08/14 13:38:23 WARN  - jmeter.util.SSLManager: Keystore file not found, loading empty keystore 
2016/08/14 13:38:25 INFO  - jmeter.reporters.Summariser: summary +      1 in   2.4s =    0.4/s Avg:  2229 Min:  2229 Max:  2229 Err:     0 (0.00%) Active: 1 Started: 1 Finished: 0 
2016/08/14 13:38:30 INFO  - jmeter.threads.JMeterThread: Thread is done: setUp Thread Group 1-1 
2016/08/14 13:38:30 INFO  - jmeter.threads.JMeterThread: Thread finished: setUp Thread Group 1-1 
2016/08/14 13:38:30 INFO  - jmeter.engine.StandardJMeterEngine: All Setup Threads have ended 
2016/08/14 13:38:30 INFO  - jmeter.engine.StandardJMeterEngine: Starting ThreadGroup: 1 : Thread Group 
2016/08/14 13:38:30 INFO  - jmeter.engine.StandardJMeterEngine: Starting 5 threads for group Thread Group. 
2016/08/14 13:38:30 INFO  - jmeter.engine.StandardJMeterEngine: Thread will continue on error 
2016/08/14 13:38:30 INFO  - jmeter.threads.ThreadGroup: Starting thread group number 1 threads 5 ramp-up 10 perThread 2000.0 delayedStart=false 
2016/08/14 13:38:30 INFO  - jmeter.threads.JMeterThread: Thread started: Thread Group 1-1 
2016/08/14 13:38:30 INFO  - jmeter.threads.ThreadGroup: Started thread group number 1 
2016/08/14 13:38:30 INFO  - jmeter.engine.StandardJMeterEngine: All thread groups have been started 
2016/08/14 13:38:31 INFO  - jmeter.reporters.Summariser: summary +      3 in   6.2s =    0.5/s Avg:   379 Min:     3 Max:   578 Err:     0 (0.00%) Active: 1 Started: 1 Finished: 0 
2016/08/14 13:38:31 INFO  - jmeter.reporters.Summariser: summary =      4 in     9s =    0.5/s Avg:   841 Min:     3 Max:  2229 Err:     0 (0.00%) 
2016/08/14 13:38:32 INFO  - jmeter.threads.JMeterThread: Thread started: Thread Group 1-2 
2016/08/14 13:38:34 INFO  - jmeter.threads.JMeterThread: Thread started: Thread Group 1-3 
2016/08/14 13:38:36 INFO  - jmeter.threads.JMeterThread: Thread started: Thread Group 1-4 
2016/08/14 13:38:38 INFO  - jmeter.threads.JMeterThread: Thread started: Thread Group 1-5 
2016/08/14 13:38:40 INFO  - jmeter.reporters.Summariser: summary +     38 in   8.5s =    4.5/s Avg:   654 Min:   546 Max:   899 Err:     0 (0.00%) Active: 5 Started: 5 Finished: 0 
2016/08/14 13:38:40 INFO  - jmeter.reporters.Summariser: summary =     42 in  17.1s =    2.5/s Avg:   672 Min:     3 Max:  2229 Err:     0 (0.00%) 
2016/08/14 13:38:50 INFO  - jmeter.reporters.Summariser: summary +     63 in    10s =    6.3/s Avg:   804 Min:   744 Max:   852 Err:     0 (0.00%) Active: 5 Started: 5 Finished: 0 
2016/08/14 13:38:50 INFO  - jmeter.reporters.Summariser: summary =    105 in  27.1s =    3.9/s Avg:   751 Min:     3 Max:  2229 Err:     0 (0.00%) 
2016/08/14 13:39:00 INFO  - jmeter.reporters.Summariser: summary +     62 in  10.1s =    6.2/s Avg:   810 Min:   731 Max:   901 Err:     0 (0.00%) Active: 5 Started: 5 Finished: 0 
2016/08/14 13:39:00 INFO  - jmeter.reporters.Summariser: summary =    167 in  37.2s =    4.5/s Avg:   773 Min:     3 Max:  2229 Err:     0 (0.00%) 
2016/08/14 13:39:10 INFO  - jmeter.reporters.Summariser: summary +     62 in    10s =    6.2/s Avg:   805 Min:   737 Max:   867 Err:     0 (0.00%) Active: 5 Started: 5 Finished: 0 
2016/08/14 13:39:10 INFO  - jmeter.reporters.Summariser: summary =    229 in  47.2s =    4.9/s Avg:   782 Min:     3 Max:  2229 Err:     0 (0.00%) 
2016/08/14 13:39:20 INFO  - jmeter.reporters.Summariser: summary +     62 in    10s =    6.2/s Avg:   809 Min:   743 Max:   912 Err:     0 (0.00%) Active: 5 Started: 5 Finished: 0 
2016/08/14 13:39:20 INFO  - jmeter.reporters.Summariser: summary =    291 in  57.2s =    5.1/s Avg:   787 Min:     3 Max:  2229 Err:     0 (0.00%) 
2016/08/14 13:39:30 INFO  - jmeter.reporters.Summariser: summary +     60 in    10s =    6.0/s Avg:   822 Min:   734 Max:   911 Err:     0 (0.00%) Active: 5 Started: 5 Finished: 0 
2016/08/14 13:39:30 INFO  - jmeter.reporters.Summariser: summary =    351 in  67.2s =    5.2/s Avg:   793 Min:     3 Max:  2229 Err:     0 (0.00%) 
2016/08/14 13:39:40 INFO  - jmeter.reporters.Summariser: summary +     61 in    10s =    6.1/s Avg:   823 Min:   769 Max:   900 Err:     0 (0.00%) Active: 5 Started: 5 Finished: 0 
2016/08/14 13:39:40 INFO  - jmeter.reporters.Summariser: summary =    412 in  77.2s =    5.3/s Avg:   798 Min:     3 Max:  2229 Err:     0 (0.00%) 
2016/08/14 13:39:50 INFO  - jmeter.reporters.Summariser: summary +     61 in    10s =    6.1/s Avg:   820 Min:   763 Max:   883 Err:     0 (0.00%) Active: 5 Started: 5 Finished: 0 
2016/08/14 13:39:50 INFO  - jmeter.reporters.Summariser: summary =    473 in  87.1s =    5.4/s Avg:   801 Min:     3 Max:  2229 Err:     0 (0.00%) 
2016/08/14 13:40:00 INFO  - jmeter.reporters.Summariser: summary +     61 in  10.1s =    6.1/s Avg:   821 Min:   739 Max:   927 Err:     0 (0.00%) Active: 5 Started: 5 Finished: 0 
2016/08/14 13:40:00 INFO  - jmeter.reporters.Summariser: summary =    534 in  97.2s =    5.5/s Avg:   803 Min:     3 Max:  2229 Err:     0 (0.00%) 
2016/08/14 13:40:10 INFO  - jmeter.reporters.Summariser: summary +     61 in    10s =    6.1/s Avg:   810 Min:   741 Max:   885 Err:     0 (0.00%) Active: 5 Started: 5 Finished: 0 
2016/08/14 13:40:10 INFO  - jmeter.reporters.Summariser: summary =    595 in   107s =    5.6/s Avg:   804 Min:     3 Max:  2229 Err:     0 (0.00%) 
2016/08/14 13:40:20 INFO  - jmeter.reporters.Summariser: summary +     62 in    10s =    6.2/s Avg:   808 Min:   752 Max:   863 Err:     0 (0.00%) Active: 5 Started: 5 Finished: 0 
2016/08/14 13:40:20 INFO  - jmeter.reporters.Summariser: summary =    657 in   117s =    5.6/s Avg:   804 Min:     3 Max:  2229 Err:     0 (0.00%) 
2016/08/14 13:40:30 INFO  - jmeter.reporters.Summariser: summary +     62 in  10.1s =    6.2/s Avg:   813 Min:   762 Max:   873 Err:     0 (0.00%) Active: 5 Started: 5 Finished: 0 
2016/08/14 13:40:30 INFO  - jmeter.reporters.Summariser: summary =    719 in   127s =    5.7/s Avg:   805 Min:     3 Max:  2229 Err:     0 (0.00%) 
2016/08/14 13:40:40 INFO  - jmeter.reporters.Summariser: summary +     61 in    10s =    6.2/s Avg:   812 Min:   762 Max:   858 Err:     0 (0.00%) Active: 5 Started: 5 Finished: 0 
2016/08/14 13:40:40 INFO  - jmeter.reporters.Summariser: summary =    780 in   137s =    5.7/s Avg:   805 Min:     3 Max:  2229 Err:     0 (0.00%) 
2016/08/14 13:40:50 INFO  - jmeter.reporters.Summariser: summary +     62 in  10.1s =    6.1/s Avg:   812 Min:   765 Max:   863 Err:     0 (0.00%) Active: 5 Started: 5 Finished: 0 
2016/08/14 13:40:50 INFO  - jmeter.reporters.Summariser: summary =    842 in   147s =    5.7/s Avg:   806 Min:     3 Max:  2229 Err:     0 (0.00%) 
2016/08/14 13:41:00 INFO  - jmeter.reporters.Summariser: summary +     61 in    10s =    6.1/s Avg:   810 Min:   706 Max:   900 Err:     0 (0.00%) Active: 5 Started: 5 Finished: 0 
2016/08/14 13:41:00 INFO  - jmeter.reporters.Summariser: summary =    903 in   157s =    5.7/s Avg:   806 Min:     3 Max:  2229 Err:     0 (0.00%) 
2016/08/14 13:41:01 INFO  - jmeter.reporters.ResultCollector: Shutdown hook started 
2016/08/14 13:41:01 INFO  - jmeter.reporters.ResultCollector: Shutdown hook ended 
